[debug] [2021-06-26T12:18:18.310Z] ----------------------------------------------------------------------
[debug] [2021-06-26T12:18:18.314Z] Command:       C:\Program Files\nodejs\node.exe C:\Users\Nuri\AppData\Roaming\npm\node_modules\firebase-tools\lib\bin\firebase.js init
[debug] [2021-06-26T12:18:18.315Z] CLI Version:   9.14.0
[debug] [2021-06-26T12:18:18.315Z] Platform:      win32
[debug] [2021-06-26T12:18:18.315Z] Node Version:  v14.16.0
[debug] [2021-06-26T12:18:18.317Z] Time:          Sat Jun 26 2021 18:18:18 GMT+0600 (Bangladesh Standard Time)
[debug] [2021-06-26T12:18:18.317Z] ----------------------------------------------------------------------
[debug] 
[debug] [2021-06-26T12:18:18.329Z] > command requires scopes: ["email","openid","https://www.googleapis.com/auth/cloudplatformprojects.readonly","https://www.googleapis.com/auth/firebase","https://www.googleapis.com/auth/cloud-platform"]
[debug] [2021-06-26T12:18:18.330Z] > authorizing via signed-in user (mdabidnuri@gmail.com)
[info] 
     ######## #### ########  ######## ########     ###     ######  ########
     ##        ##  ##     ## ##       ##     ##  ##   ##  ##       ##
     ######    ##  ########  ######   ########  #########  ######  ######
     ##        ##  ##    ##  ##       ##     ## ##     ##       ## ##
     ##       #### ##     ## ######## ########  ##     ##  ######  ########

You're about to initialize a Firebase project in this directory:

  E:\Only Abid Nuri\Task From PHero\client

[info] 
=== Project Setup
[info] 
[info] First, let's associate this project directory with a Firebase project.
[info] You can create multiple project aliases by running firebase use --add, 
[info] but for now we'll just set up a default project.
[info] 
[debug] [2021-06-26T12:18:27.679Z] >>> [apiv2][query] GET https://firebase.googleapis.com/v1beta1/projects pageSize=100
[debug] [2021-06-26T12:18:28.388Z] <<< [apiv2][status] GET https://firebase.googleapis.com/v1beta1/projects 200
[debug] [2021-06-26T12:18:28.388Z] <<< [apiv2][body] GET https://firebase.googleapis.com/v1beta1/projects [omitted]
[info] i  Using project abid-retro-blog (abid-retro-blog) 
[info] 
=== Hosting:github Setup
[info] 
[info] i  Detected a .git folder at E:\Only Abid Nuri\Task From PHero\client 
[info] i  Authorizing with GitHub to upload your service account to a GitHub repository's secrets store. 
[info] 
[info] Visit this URL on this device to log in:
[info] https://github.com/login/oauth/authorize?client_id=89cf50f02ac6aaed3484&state=514276341&redirect_uri=http%3A%2F%2Flocalhost%3A9005&scope=read%3Auser%20repo%20public_repo
[info] 
[info] Waiting for authentication...
[debug] [2021-06-26T12:18:41.040Z] >>> HTTP REQUEST POST https://github.com/login/oauth/access_token  
 {"client_id":"89cf50f02ac6aaed3484","client_secret":"3330d14abc895d9a74d5f17cd7a00711fa2c5bf0","code":"694b85033ece301e37f8","redirect_uri":"http://localhost:9005","state":"514276341"}
[debug] [2021-06-26T12:18:41.507Z] <<< HTTP RESPONSE 200 {"server":"GitHub.com","date":"Sat, 26 Jun 2021 12:18:42 GMT","content-type":"application/json; charset=utf-8","transfer-encoding":"chunked","vary":"X-PJAX, Accept-Encoding, Accept, X-Requested-With","permissions-policy":"interest-cohort=()","etag":"W/\"7dc1436c7f28b0eebd355a1ece3bc980\"","cache-control":"max-age=0, private, must-revalidate","strict-transport-security":"max-age=31536000; includeSubdomains; preload","x-frame-options":"deny","x-content-type-options":"nosniff","x-xss-protection":"0","referrer-policy":"origin-when-cross-origin, strict-origin-when-cross-origin","expect-ct":"max-age=2592000, report-uri=\"https://api.github.com/_private/browser/errors\"","content-security-policy":"default-src 'none'; base-uri 'self'; block-all-mixed-content; connect-src 'self' uploads.github.com www.githubstatus.com collector.githubapp.com api.github.com github-cloud.s3.amazonaws.com github-production-repository-file-5c1aeb.s3.amazonaws.com github-production-upload-manifest-file-7fdce7.s3.amazonaws.com github-production-user-asset-6210df.s3.amazonaws.com cdn.optimizely.com logx.optimizely.com/v1/events translator.github.com wss://alive.github.com; font-src github.githubassets.com; form-action 'self' github.com gist.github.com; frame-ancestors 'none'; frame-src render.githubusercontent.com render-temp.githubusercontent.com viewscreen.githubusercontent.com; img-src 'self' data: github.githubassets.com identicons.github.com collector.githubapp.com github-cloud.s3.amazonaws.com secured-user-images.githubusercontent.com/ *.githubusercontent.com; manifest-src 'self'; media-src 'none'; script-src github.githubassets.com; style-src 'unsafe-inline' github.githubassets.com; worker-src github.com/socket-worker-3f088aa2.js gist.github.com/socket-worker-3f088aa2.js","x-github-request-id":"2FBC:3113:63E290:69BA53:60D71B21"}
[debug] [2021-06-26T12:18:41.512Z] >>> [apiv2][query] GET https://api.github.com/user [none]
[debug] [2021-06-26T12:18:42.006Z] <<< [apiv2][status] GET https://api.github.com/user 200
[debug] [2021-06-26T12:18:42.006Z] <<< [apiv2][body] GET https://api.github.com/user {"login":"abidnuri","id":14248100,"node_id":"MDQ6VXNlcjE0MjQ4MTAw","avatar_url":"https://avatars.githubusercontent.com/u/14248100?v=4","gravatar_id":"","url":"https://api.github.com/users/abidnuri","html_url":"https://github.com/abidnuri","followers_url":"https://api.github.com/users/abidnuri/followers","following_url":"https://api.github.com/users/abidnuri/following{/other_user}","gists_url":"https://api.github.com/users/abidnuri/gists{/gist_id}","starred_url":"https://api.github.com/users/abidnuri/starred{/owner}{/repo}","subscriptions_url":"https://api.github.com/users/abidnuri/subscriptions","organizations_url":"https://api.github.com/users/abidnuri/orgs","repos_url":"https://api.github.com/users/abidnuri/repos","events_url":"https://api.github.com/users/abidnuri/events{/privacy}","received_events_url":"https://api.github.com/users/abidnuri/received_events","type":"User","site_admin":false,"name":"Abid Nuri","company":null,"blog":"https://abidnuri.com/","location":"Bangladesh","email":"mdabidnuri@gmail.com","hireable":true,"bio":"Certified Web Developer & Designer |\r\nIT Expert |\r\nE-Mail: abidnuri@gmail.com","twitter_username":"ABIDNURI","public_repos":40,"public_gists":0,"followers":4,"following":4,"created_at":"2015-09-12T11:30:33Z","updated_at":"2021-06-26T12:11:39Z","private_gists":1,"total_private_repos":1,"owned_private_repos":1,"disk_usage":92924,"collaborators":0,"two_factor_authentication":false,"plan":{"name":"free","space":976562499,"collaborators":0,"private_repos":10000}}
[info] 
[info] +  Success! Logged into GitHub as abidnuri 
[info] 
[debug] [2021-06-26T12:19:06.070Z] >>> [apiv2][query] GET https://api.github.com/repos/build/actions/secrets/public-key type=owner
[debug] [2021-06-26T12:19:06.504Z] <<< [apiv2][status] GET https://api.github.com/repos/build/actions/secrets/public-key 404
[debug] [2021-06-26T12:19:06.504Z] <<< [apiv2][body] GET https://api.github.com/repos/build/actions/secrets/public-key {"message":"Not Found","documentation_url":"https://docs.github.com/rest"}
[debug] [2021-06-26T12:22:38.081Z] >>> [apiv2][query] GET https://api.github.com/repos//actions/secrets/public-key type=owner
[debug] [2021-06-26T12:22:38.531Z] <<< [apiv2][status] GET https://api.github.com/repos//actions/secrets/public-key 404
[debug] [2021-06-26T12:22:38.531Z] <<< [apiv2][body] GET https://api.github.com/repos//actions/secrets/public-key {"message":"Not Found","documentation_url":"https://docs.github.com/rest"}
[debug] [2021-06-26T12:22:38.650Z] >>> [apiv2][query] GET https://api.github.com/repos//actions/secrets/public-key type=owner
[debug] [2021-06-26T12:22:39.085Z] <<< [apiv2][status] GET https://api.github.com/repos//actions/secrets/public-key 404
[debug] [2021-06-26T12:22:39.085Z] <<< [apiv2][body] GET https://api.github.com/repos//actions/secrets/public-key {"message":"Not Found","documentation_url":"https://docs.github.com/rest"}
